This is pdfTeX, Version 3.14159265-2.6-1.40.19 (TeX Live 2018) (preloaded format=pdflatex 2019.4.9)  19 JUL 2020 22:29
entering extended mode
 restricted \write18 enabled.
 file:line:error style messages enabled.
 %&-line parsing enabled.
**"Luminescence_MTL_O2_T Venturini.tex"
(./Luminescence_MTL_O2_T Venturini.tex
LaTeX2e <2018-04-01> patch level 2
Babel <3.18> and hyphenation patterns for 84 language(s) loaded.
(/usr/local/texlive/2018/texmf-dist/tex/latex/elsarticle/elsarticle.cls
Document Class: elsarticle 2009/09/17, 1.2.0: Elsevier Ltd
\@bls=\dimen102
(/usr/local/texlive/2018/texmf-dist/tex/latex/base/article.cls
Document Class: article 2014/09/29 v1.4h Standard LaTeX document class
(/usr/local/texlive/2018/texmf-dist/tex/latex/base/size12.clo
File: size12.clo 2014/09/29 v1.4h Standard LaTeX file (size option)
)
\c@part=\count80
\c@section=\count81
\c@subsection=\count82
\c@subsubsection=\count83
\c@paragraph=\count84
\c@subparagraph=\count85
\c@figure=\count86
\c@table=\count87
\abovecaptionskip=\skip41
\belowcaptionskip=\skip42
\bibindent=\dimen103
)
(/usr/local/texlive/2018/texmf-dist/tex/latex/graphics/graphicx.sty
Package: graphicx 2017/06/01 v1.1a Enhanced LaTeX Graphics (DPC,SPQR)

(/usr/local/texlive/2018/texmf-dist/tex/latex/graphics/keyval.sty
Package: keyval 2014/10/28 v1.15 key=value parser (DPC)
\KV@toks@=\toks14
)
(/usr/local/texlive/2018/texmf-dist/tex/latex/graphics/graphics.sty
Package: graphics 2017/06/25 v1.2c Standard LaTeX Graphics (DPC,SPQR)

(/usr/local/texlive/2018/texmf-dist/tex/latex/graphics/trig.sty
Package: trig 2016/01/03 v1.10 sin cos tan (DPC)
)
(/usr/local/texlive/2018/texmf-dist/tex/latex/graphics-cfg/graphics.cfg
File: graphics.cfg 2016/06/04 v1.11 sample graphics configuration
)
Package graphics Info: Driver file: pdftex.def on input line 99.

(/usr/local/texlive/2018/texmf-dist/tex/latex/graphics-def/pdftex.def
File: pdftex.def 2018/01/08 v1.0l Graphics/color driver for pdftex
))
\Gin@req@height=\dimen104
\Gin@req@width=\dimen105
)
(/usr/local/texlive/2018/texmf-dist/tex/latex/psnfss/pifont.sty
Package: pifont 2005/04/12 PSNFSS-v9.2a Pi font support (SPQR) 
LaTeX Font Info:    Try loading font information for U+pzd on input line 63.

(/usr/local/texlive/2018/texmf-dist/tex/latex/psnfss/upzd.fd
File: upzd.fd 2001/06/04 font definitions for U/pzd.
)
LaTeX Font Info:    Try loading font information for U+psy on input line 64.

(/usr/local/texlive/2018/texmf-dist/tex/latex/psnfss/upsy.fd
File: upsy.fd 2001/06/04 font definitions for U/psy.
))
\c@tnote=\count88
\c@fnote=\count89
\c@cnote=\count90
\c@ead=\count91
\c@author=\count92
\@eadauthor=\toks15
\c@affn=\count93
\absbox=\box26
\keybox=\box27
\Columnwidth=\dimen106
\space@left=\dimen107
\els@boxa=\box28
\els@boxb=\box29
\leftMargin=\dimen108
\@enLab=\toks16
\@sep=\skip43
\@@sep=\skip44

(./Luminescence_MTL_O2_T Venturini.spl)
(/usr/local/texlive/2018/texmf-dist/tex/latex/natbib/natbib.sty
Package: natbib 2010/09/13 8.31b (PWD, AO)
\bibhang=\skip45
\bibsep=\skip46
LaTeX Info: Redefining \cite on input line 694.
\c@NAT@ctr=\count94
)
\splwrite=\write3
\openout3 = `"Luminescence_MTL_O2_T Venturini.spl"'.

)
(/usr/local/texlive/2018/texmf-dist/tex/latex/amsfonts/amssymb.sty
Package: amssymb 2013/01/14 v3.01 AMS font symbols

(/usr/local/texlive/2018/texmf-dist/tex/latex/amsfonts/amsfonts.sty
Package: amsfonts 2013/01/14 v3.01 Basic AMSFonts support
\@emptytoks=\toks17
\symAMSa=\mathgroup4
\symAMSb=\mathgroup5
LaTeX Font Info:    Overwriting math alphabet `\mathfrak' in version `bold'
(Font)                  U/euf/m/n --> U/euf/b/n on input line 106.
))
(/usr/local/texlive/2018/texmf-dist/tex/latex/amscls/amsthm.sty
Package: amsthm 2017/10/31 v2.20.4
\thm@style=\toks18
\thm@bodyfont=\toks19
\thm@headfont=\toks20
\thm@notefont=\toks21
\thm@headpunct=\toks22
\thm@preskip=\skip47
\thm@postskip=\skip48
\thm@headsep=\skip49
\dth@everypar=\toks23
LaTeX Info: Redefining \qed on input line 274.
)
(/usr/local/texlive/2018/texmf-dist/tex/latex/lineno/lineno.sty
Package: lineno 2005/11/02 line numbers on paragraphs v4.41
\linenopenalty=\count95
\output=\toks24
\linenoprevgraf=\count96
\linenumbersep=\dimen109
\linenumberwidth=\dimen110
\c@linenumber=\count97
\c@pagewiselinenumber=\count98
\c@LN@truepage=\count99
\c@internallinenumber=\count100
\c@internallinenumbers=\count101
\quotelinenumbersep=\dimen111
\bframerule=\dimen112
\bframesep=\dimen113
\bframebox=\box30
LaTeX Info: Redefining \\ on input line 3056.
)
(/usr/local/texlive/2018/texmf-dist/tex/latex/mathtools/mathtools.sty
Package: mathtools 2018/01/08 v1.21 mathematical typesetting tools

(/usr/local/texlive/2018/texmf-dist/tex/latex/tools/calc.sty
Package: calc 2017/05/25 v4.3 Infix arithmetic (KKT,FJ)
\calc@Acount=\count102
\calc@Bcount=\count103
\calc@Adimen=\dimen114
\calc@Bdimen=\dimen115
\calc@Askip=\skip50
\calc@Bskip=\skip51
LaTeX Info: Redefining \setlength on input line 80.
LaTeX Info: Redefining \addtolength on input line 81.
\calc@Ccount=\count104
\calc@Cskip=\skip52
)
(/usr/local/texlive/2018/texmf-dist/tex/latex/mathtools/mhsetup.sty
Package: mhsetup 2017/03/31 v1.3 programming setup (MH)
)
(/usr/local/texlive/2018/texmf-dist/tex/latex/amsmath/amsmath.sty
Package: amsmath 2017/09/02 v2.17a AMS math features
\@mathmargin=\skip53

For additional information on amsmath, use the `?' option.
(/usr/local/texlive/2018/texmf-dist/tex/latex/amsmath/amstext.sty
Package: amstext 2000/06/29 v2.01 AMS text

(/usr/local/texlive/2018/texmf-dist/tex/latex/amsmath/amsgen.sty
File: amsgen.sty 1999/11/30 v2.0 generic functions
\@emptytoks=\toks25
\ex@=\dimen116
))
(/usr/local/texlive/2018/texmf-dist/tex/latex/amsmath/amsbsy.sty
Package: amsbsy 1999/11/29 v1.2d Bold Symbols
\pmbraise@=\dimen117
)
(/usr/local/texlive/2018/texmf-dist/tex/latex/amsmath/amsopn.sty
Package: amsopn 2016/03/08 v2.02 operator names
)
\inf@bad=\count105
LaTeX Info: Redefining \frac on input line 213.
\uproot@=\count106
\leftroot@=\count107
LaTeX Info: Redefining \overline on input line 375.
\classnum@=\count108
\DOTSCASE@=\count109
LaTeX Info: Redefining \ldots on input line 472.
LaTeX Info: Redefining \dots on input line 475.
LaTeX Info: Redefining \cdots on input line 596.
\Mathstrutbox@=\box31
\strutbox@=\box32
\big@size=\dimen118
LaTeX Font Info:    Redeclaring font encoding OML on input line 712.
LaTeX Font Info:    Redeclaring font encoding OMS on input line 713.
\macc@depth=\count110
\c@MaxMatrixCols=\count111
\dotsspace@=\muskip10
\c@parentequation=\count112
\dspbrk@lvl=\count113
\tag@help=\toks26
\row@=\count114
\column@=\count115
\maxfields@=\count116
\andhelp@=\toks27
\eqnshift@=\dimen119
\alignsep@=\dimen120
\tagshift@=\dimen121
\tagwidth@=\dimen122
\totwidth@=\dimen123
\lineht@=\dimen124
\@envbody=\toks28
\multlinegap=\skip54
\multlinetaggap=\skip55
\mathdisplay@stack=\toks29
LaTeX Info: Redefining \[ on input line 2817.
LaTeX Info: Redefining \] on input line 2818.
)
LaTeX Info: Thecontrolsequence`\('isalreadyrobust on input line 129.
LaTeX Info: Thecontrolsequence`\)'isalreadyrobust on input line 129.
LaTeX Info: Thecontrolsequence`\['isalreadyrobust on input line 129.
LaTeX Info: Thecontrolsequence`\]'isalreadyrobust on input line 129.
\g_MT_multlinerow_int=\count117
\l_MT_multwidth_dim=\dimen125
\origjot=\skip56
\l_MT_shortvdotswithinadjustabove_dim=\dimen126
\l_MT_shortvdotswithinadjustbelow_dim=\dimen127
\l_MT_above_intertext_sep=\dimen128
\l_MT_below_intertext_sep=\dimen129
\l_MT_above_shortintertext_sep=\dimen130
\l_MT_below_shortintertext_sep=\dimen131
)
(/usr/local/texlive/2018/texmf-dist/tex/latex/graphics/color.sty
Package: color 2016/07/10 v1.1e Standard LaTeX Color (DPC)

(/usr/local/texlive/2018/texmf-dist/tex/latex/graphics-cfg/color.cfg
File: color.cfg 2016/01/02 v1.6 sample color configuration
)
Package color Info: Driver file: pdftex.def on input line 147.
)
(/usr/local/texlive/2018/texmf-dist/tex/latex/soul/soul.sty
Package: soul 2003/11/17 v2.4 letterspacing/underlining (mf)
\SOUL@word=\toks30
\SOUL@lasttoken=\toks31
\SOUL@cmds=\toks32
\SOUL@buffer=\toks33
\SOUL@token=\toks34
\SOUL@spaceskip=\skip57
\SOUL@ttwidth=\dimen132
\SOUL@uldp=\dimen133
\SOUL@ulht=\dimen134
)
\c@definition=\count118


LaTeX Warning: Unused global option(s):
    [a4].

(./Luminescence_MTL_O2_T Venturini.aux)
\openout1 = `"Luminescence_MTL_O2_T Venturini.aux"'.

LaTeX Font Info:    Checking defaults for OML/cmm/m/it on input line 70.
LaTeX Font Info:    ... okay on input line 70.
LaTeX Font Info:    Checking defaults for T1/cmr/m/n on input line 70.
LaTeX Font Info:    ... okay on input line 70.
LaTeX Font Info:    Checking defaults for OT1/cmr/m/n on input line 70.
LaTeX Font Info:    ... okay on input line 70.
LaTeX Font Info:    Checking defaults for OMS/cmsy/m/n on input line 70.
LaTeX Font Info:    ... okay on input line 70.
LaTeX Font Info:    Checking defaults for OMX/cmex/m/n on input line 70.
LaTeX Font Info:    ... okay on input line 70.
LaTeX Font Info:    Checking defaults for U/cmr/m/n on input line 70.
LaTeX Font Info:    ... okay on input line 70.

(/usr/local/texlive/2018/texmf-dist/tex/context/base/mkii/supp-pdf.mkii
[Loading MPS to PDF converter (version 2006.09.02).]
\scratchcounter=\count119
\scratchdimen=\dimen135
\scratchbox=\box33
\nofMPsegments=\count120
\nofMParguments=\count121
\everyMPshowfont=\toks35
\MPscratchCnt=\count122
\MPscratchDim=\dimen136
\MPnumerator=\count123
\makeMPintoPDFobject=\count124
\everyMPtoPDFconversion=\toks36
) (/usr/local/texlive/2018/texmf-dist/tex/latex/oberdiek/epstopdf-base.sty
Package: epstopdf-base 2016/05/15 v2.6 Base part for package epstopdf

(/usr/local/texlive/2018/texmf-dist/tex/generic/oberdiek/infwarerr.sty
Package: infwarerr 2016/05/16 v1.4 Providing info/warning/error messages (HO)
)
(/usr/local/texlive/2018/texmf-dist/tex/latex/oberdiek/grfext.sty
Package: grfext 2016/05/16 v1.2 Manage graphics extensions (HO)

(/usr/local/texlive/2018/texmf-dist/tex/generic/oberdiek/kvdefinekeys.sty
Package: kvdefinekeys 2016/05/16 v1.4 Define keys (HO)

(/usr/local/texlive/2018/texmf-dist/tex/generic/oberdiek/ltxcmds.sty
Package: ltxcmds 2016/05/16 v1.23 LaTeX kernel commands for general use (HO)
)))
(/usr/local/texlive/2018/texmf-dist/tex/latex/oberdiek/kvoptions.sty
Package: kvoptions 2016/05/16 v3.12 Key value format for package options (HO)

(/usr/local/texlive/2018/texmf-dist/tex/generic/oberdiek/kvsetkeys.sty
Package: kvsetkeys 2016/05/16 v1.17 Key value parser (HO)

(/usr/local/texlive/2018/texmf-dist/tex/generic/oberdiek/etexcmds.sty
Package: etexcmds 2016/05/16 v1.6 Avoid name clashes with e-TeX commands (HO)

(/usr/local/texlive/2018/texmf-dist/tex/generic/oberdiek/ifluatex.sty
Package: ifluatex 2016/05/16 v1.4 Provides the ifluatex switch (HO)
Package ifluatex Info: LuaTeX not detected.
)
Package etexcmds Info: Could not find \expanded.
(etexcmds)             That can mean that you are not using pdfTeX 1.50 or
(etexcmds)             that some package has redefined \expanded.
(etexcmds)             In the latter case, load this package earlier.
)))
(/usr/local/texlive/2018/texmf-dist/tex/generic/oberdiek/pdftexcmds.sty
Package: pdftexcmds 2018/01/30 v0.27 Utility functions of pdfTeX for LuaTeX (HO
)

(/usr/local/texlive/2018/texmf-dist/tex/generic/oberdiek/ifpdf.sty
Package: ifpdf 2017/03/15 v3.2 Provides the ifpdf switch
)
Package pdftexcmds Info: LuaTeX not detected.
Package pdftexcmds Info: \pdf@primitive is available.
Package pdftexcmds Info: \pdf@ifprimitive is available.
Package pdftexcmds Info: \pdfdraftmode found.
)
Package epstopdf-base Info: Redefining graphics rule for `.eps' on input line 4
38.
Package grfext Info: Graphics extension search list:
(grfext)             [.pdf,.png,.jpg,.mps,.jpeg,.jbig2,.jb2,.PDF,.PNG,.JPG,.JPE
G,.JBIG2,.JB2,.eps]
(grfext)             \AppendGraphicsExtensions on input line 456.

(/usr/local/texlive/2018/texmf-dist/tex/latex/latexconfig/epstopdf-sys.cfg
File: epstopdf-sys.cfg 2010/07/13 v1.3 Configuration of (r)epstopdf for TeX Liv
e
))
LaTeX Font Info:    Try loading font information for U+msa on input line 103.

(/usr/local/texlive/2018/texmf-dist/tex/latex/amsfonts/umsa.fd
File: umsa.fd 2013/01/14 v3.01 AMS symbols A
)
LaTeX Font Info:    Try loading font information for U+msb on input line 103.

(/usr/local/texlive/2018/texmf-dist/tex/latex/amsfonts/umsb.fd
File: umsb.fd 2013/01/14 v3.01 AMS symbols B
) [1


{/usr/local/texlive/2018/texmf-var/fonts/map/pdftex/updmap/pdftex.map}] [2]
Overfull \hbox (4.6959pt too wide) in paragraph at lines 141--143
[]\OT1/cmr/m/n/12 Luminescence-based oxy-gen sen-sors usu-ally con-sist of a lu
-minophore whose
 []

[3] [4]
Package epstopdf Info: Source file: <Setup_auto.eps>
(epstopdf)                    date: 2020-04-13 13:21:22
(epstopdf)                    size: 259309 bytes
(epstopdf)             Output file: <Setup_auto-eps-converted-to.pdf>
(epstopdf)                    date: 2020-07-19 21:16:24
(epstopdf)                    size: 10284 bytes
(epstopdf)             Command: <repstopdf --outfile=Setup_auto-eps-converted-t
o.pdf Setup_auto.eps>
(epstopdf)             \includegraphics on input line 181.
Package epstopdf Info: Output file is already uptodate.
<Setup_auto-eps-converted-to.pdf, id=28, 312.16624pt x 312.16624pt>
File: Setup_auto-eps-converted-to.pdf Graphic file (type pdf)
<use Setup_auto-eps-converted-to.pdf>
Package pdftex.def Info: Setup_auto-eps-converted-to.pdf  used on input line 18
1.
(pdftex.def)             Requested size: 236.15796pt x 236.16278pt.
 [5] [6 <./Setup_auto-eps-converted-to.pdf>]
<flow-chart.png, id=41, 199.87172pt x 513.04172pt>
File: flow-chart.png Graphic file (type png)
<use flow-chart.png>
Package pdftex.def Info: flow-chart.png  used on input line 201.
(pdftex.def)             Requested size: 165.02606pt x 423.6169pt.
 [7] [8 <./flow-chart.png>]
<NN_MTL.png, id=49, 467.87297pt x 512.28891pt>
File: NN_MTL.png Graphic file (type png)
<use NN_MTL.png>
Package pdftex.def Info: NN_MTL.png  used on input line 241.
(pdftex.def)             Requested size: 247.53888pt x 271.04282pt.

[9] [10 <./NN_MTL.png>] [11] [12]
Package epstopdf Info: Source file: <phase_O2_T.eps>
(epstopdf)                    date: 2020-04-13 13:21:22
(epstopdf)                    size: 552747 bytes
(epstopdf)             Output file: <phase_O2_T-eps-converted-to.pdf>
(epstopdf)                    date: 2020-07-19 21:18:10
(epstopdf)                    size: 21846 bytes
(epstopdf)             Command: <repstopdf --outfile=phase_O2_T-eps-converted-t
o.pdf phase_O2_T.eps>
(epstopdf)             \includegraphics on input line 330.
Package epstopdf Info: Output file is already uptodate.
<phase_O2_T-eps-converted-to.pdf, id=68, 611.28375pt x 387.4475pt>
File: phase_O2_T-eps-converted-to.pdf Graphic file (type pdf)
<use phase_O2_T-eps-converted-to.pdf>
Package pdftex.def Info: phase_O2_T-eps-converted-to.pdf  used on input line 33
0.
(pdftex.def)             Requested size: 233.3125pt x 147.87598pt.
 [13]
Package epstopdf Info: Source file: <phase_f_T.eps>
(epstopdf)                    date: 2020-04-13 13:21:22
(epstopdf)                    size: 575275 bytes
(epstopdf)             Output file: <phase_f_T-eps-converted-to.pdf>
(epstopdf)                    date: 2020-07-19 21:18:11
(epstopdf)                    size: 24304 bytes
(epstopdf)             Command: <repstopdf --outfile=phase_f_T-eps-converted-to
.pdf phase_f_T.eps>
(epstopdf)             \includegraphics on input line 343.
Package epstopdf Info: Output file is already uptodate.
<phase_f_T-eps-converted-to.pdf, id=73, 611.28375pt x 388.45125pt>
File: phase_f_T-eps-converted-to.pdf Graphic file (type pdf)
<use phase_f_T-eps-converted-to.pdf>
Package pdftex.def Info: phase_f_T-eps-converted-to.pdf  used on input line 343
.
(pdftex.def)             Requested size: 233.3125pt x 148.25908pt.
 [14 <./phase_O2_T-eps-converted-to.pdf>]
Package epstopdf Info: Source file: <phase_f_O2.eps>
(epstopdf)                    date: 2020-04-13 13:21:22
(epstopdf)                    size: 612484 bytes
(epstopdf)             Output file: <phase_f_O2-eps-converted-to.pdf>
(epstopdf)                    date: 2020-07-19 21:18:11
(epstopdf)                    size: 31819 bytes
(epstopdf)             Command: <repstopdf --outfile=phase_f_O2-eps-converted-t
o.pdf phase_f_O2.eps>
(epstopdf)             \includegraphics on input line 352.
Package epstopdf Info: Output file is already uptodate.
<phase_f_O2-eps-converted-to.pdf, id=80, 610.28pt x 389.455pt>
File: phase_f_O2-eps-converted-to.pdf Graphic file (type pdf)
<use phase_f_O2-eps-converted-to.pdf>
Package pdftex.def Info: phase_f_O2-eps-converted-to.pdf  used on input line 35
2.
(pdftex.def)             Requested size: 233.3125pt x 148.89175pt.
[15 <./phase_f_T-eps-converted-to.pdf> <./phase_f_O2-eps-converted-to.pdf>]
Package epstopdf Info: Source file: <KDE_results_all.eps>
(epstopdf)                    date: 2020-04-13 13:21:22
(epstopdf)                    size: 22960892 bytes
(epstopdf)             Output file: <KDE_results_all-eps-converted-to.pdf>
(epstopdf)                    date: 2020-07-19 21:18:12
(epstopdf)                    size: 376835 bytes
(epstopdf)             Command: <repstopdf --outfile=KDE_results_all-eps-conver
ted-to.pdf KDE_results_all.eps>
(epstopdf)             \includegraphics on input line 366.
Package epstopdf Info: Output file is already uptodate.
<KDE_results_all-eps-converted-to.pdf, id=89, 1189.44376pt x 1226.5825pt>
File: KDE_results_all-eps-converted-to.pdf Graphic file (type pdf)
<use KDE_results_all-eps-converted-to.pdf>
Package pdftex.def Info: KDE_results_all-eps-converted-to.pdf  used on input li
ne 366.
(pdftex.def)             Requested size: 384.1122pt x 396.0892pt.
Package epstopdf Info: Source file: <ELA_comparison_O2_T.eps>
(epstopdf)                    date: 2020-04-13 13:21:22
(epstopdf)                    size: 897363 bytes
(epstopdf)             Output file: <ELA_comparison_O2_T-eps-converted-to.pdf>
(epstopdf)                    date: 2020-07-19 21:18:13
(epstopdf)                    size: 42778 bytes
(epstopdf)             Command: <repstopdf --outfile=ELA_comparison_O2_T-eps-co
nverted-to.pdf ELA_comparison_O2_T.eps>
(epstopdf)             \includegraphics on input line 374.
Package epstopdf Info: Output file is already uptodate.
<ELA_comparison_O2_T-eps-converted-to.pdf, id=90, 1090.0725pt x 335.2525pt>
File: ELA_comparison_O2_T-eps-converted-to.pdf Graphic file (type pdf)
<use ELA_comparison_O2_T-eps-converted-to.pdf>
Package pdftex.def Info: ELA_comparison_O2_T-eps-converted-to.pdf  used on inpu
t line 374.
(pdftex.def)             Requested size: 384.1122pt x 118.13304pt.

[16] [17 <./KDE_results_all-eps-converted-to.pdf>] [18 <./ELA_comparison_O2_T-e
ps-converted-to.pdf>] [19] [20] (./Luminescence_MTL_O2_T Venturini.bbl [21]
[22] [23] [24]
Underfull \hbox (badness 1748) in paragraph at lines 318--335
\OT1/cmr/m/n/12 MaozGel-bart, D. C. Gem-per-line, T. Augspurger, Y. Halchenko,
 []


Underfull \hbox (badness 1360) in paragraph at lines 318--335
\OT1/cmr/m/n/12 J. B. Cole, J. War-men-hoven, J. de Ruiter, C. Pye, S. Hoyer,
 []


Underfull \hbox (badness 10000) in paragraph at lines 318--335
\OT1/cmr/m/n/12 T. Yarkoni, M. L. Williams, C. Evans, mwaskom/seaborn:
 []


Underfull \hbox (badness 10000) in paragraph at lines 318--335
\OT1/cmr/m/n/12 v0.10.0 (Jan-uary 2020), doi:10.5281/zenodo.3629446, URL
 []

) [25] (./Luminescence_MTL_O2_T Venturini.aux) ) 
Here is how much of TeX's memory you used:
 4187 strings out of 492649
 58753 string characters out of 6129623
 145660 words of memory out of 5000000
 7972 multiletter control sequences out of 15000+600000
 14165 words of font info for 53 fonts, out of 8000000 for 9000
 1141 hyphenation exceptions out of 8191
 41i,15n,30p,1563b,733s stack positions out of 5000i,500n,10000p,200000b,80000s
</usr/local/texlive/2018/texmf-
dist/fonts/type1/public/amsfonts/cm/cmbx10.pfb></usr/local/texlive/2018/texmf-d
ist/fonts/type1/public/amsfonts/cm/cmbx12.pfb></usr/local/texlive/2018/texmf-di
st/fonts/type1/public/amsfonts/cm/cmex10.pfb></usr/local/texlive/2018/texmf-dis
t/fonts/type1/public/amsfonts/cm/cmmi10.pfb></usr/local/texlive/2018/texmf-dist
/fonts/type1/public/amsfonts/cm/cmmi12.pfb></usr/local/texlive/2018/texmf-dist/
fonts/type1/public/amsfonts/cm/cmmi6.pfb></usr/local/texlive/2018/texmf-dist/fo
nts/type1/public/amsfonts/cm/cmmi7.pfb></usr/local/texlive/2018/texmf-dist/font
s/type1/public/amsfonts/cm/cmmi8.pfb></usr/local/texlive/2018/texmf-dist/fonts/
type1/public/amsfonts/cm/cmr10.pfb></usr/local/texlive/2018/texmf-dist/fonts/ty
pe1/public/amsfonts/cm/cmr12.pfb></usr/local/texlive/2018/texmf-dist/fonts/type
1/public/amsfonts/cm/cmr17.pfb></usr/local/texlive/2018/texmf-dist/fonts/type1/
public/amsfonts/cm/cmr6.pfb></usr/local/texlive/2018/texmf-dist/fonts/type1/pub
lic/amsfonts/cm/cmr7.pfb></usr/local/texlive/2018/texmf-dist/fonts/type1/public
/amsfonts/cm/cmr8.pfb></usr/local/texlive/2018/texmf-dist/fonts/type1/public/am
sfonts/cm/cmsl12.pfb></usr/local/texlive/2018/texmf-dist/fonts/type1/public/ams
fonts/cm/cmsy10.pfb></usr/local/texlive/2018/texmf-dist/fonts/type1/public/amsf
onts/cm/cmsy7.pfb></usr/local/texlive/2018/texmf-dist/fonts/type1/public/amsfon
ts/cm/cmsy8.pfb></usr/local/texlive/2018/texmf-dist/fonts/type1/public/amsfonts
/cm/cmti10.pfb></usr/local/texlive/2018/texmf-dist/fonts/type1/public/amsfonts/
cm/cmti12.pfb></usr/local/texlive/2018/texmf-dist/fonts/type1/public/amsfonts/c
m/cmti7.pfb></usr/local/texlive/2018/texmf-dist/fonts/type1/public/amsfonts/cm/
cmtt12.pfb></usr/local/texlive/2018/texmf-dist/fonts/type1/public/amsfonts/symb
ols/msbm10.pfb>
Output written on "Luminescence_MTL_O2_T Venturini.pdf" (25 pages, 926296 bytes
).
PDF statistics:
 435 PDF objects out of 1000 (max. 8388607)
 149 compressed objects within 2 object streams
 0 named destinations out of 1000 (max. 500000)
 41 words of extra memory for PDF output out of 10000 (max. 10000000)

