This is pdfTeX, Version 3.14159265-2.6-1.40.20 (MiKTeX 2.9.7250 64-bit) (preloaded format=pdflatex 2019.12.30)  28 JAN 2020 16:26
entering extended mode
**C:/Daten/R&D/9_Papers/2020_MTL_O2_T/O2T-Real-Data-Paper/paper/bibliography.bi
b

(C:/Daten/R&D/9_Papers/2020_MTL_O2_T/O2T-Real-Data-Paper/paper/bibliography.bib
LaTeX2e <2019-10-01> patch level 3

! LaTeX Error: Missing \begin{document}.

See the LaTeX manual or LaTeX Companion for explanation.
Type  H <return>  for immediate help.
 ...                                              
                                                  
l.1 @
     book{Michelucci2017,
? x
 
Here is how much of TeX's memory you used:
 9 strings out of 492449
 485 string characters out of 3119992
 59387 words of memory out of 3000000
 4469 multiletter control sequences out of 15000+200000
 3640 words of font info for 14 fonts, out of 3000000 for 9000
 1141 hyphenation exceptions out of 8191
 5i,0n,4p,105b,14s stack positions out of 5000i,500n,10000p,200000b,50000s
No pages of output.
PDF statistics:
 0 PDF objects out of 1000 (max. 8388607)
 0 named destinations out of 1000 (max. 500000)
 1 words of extra memory for PDF output out of 10000 (max. 10000000)

